# JRE version: Java(TM) SE Runtime Environment (8.0_211-b12) (build 1.8.0_211-b12)
# Java VM: Java HotSpot(TM) 64-Bit Server VM (25.211-b12 mixed mode windows-amd64 compressed oops)
Heap:
 PSYoungGen      total 75776K, used 20157K [0x000000076b600000, 0x0000000770a80000, 0x00000007c0000000)
  eden space 65024K, 16% used [0x000000076b600000,0x000000076c039a88,0x000000076f580000)
  from space 10752K, 90% used [0x0000000770000000,0x0000000770975ad8,0x0000000770a80000)
  to   space 10752K, 0% used [0x000000076f580000,0x000000076f580000,0x0000000770000000)
 ParOldGen       total 173568K, used 32K [0x00000006c2200000, 0x00000006ccb80000, 0x000000076b600000)
  object space 173568K, 0% used [0x00000006c2200000,0x00000006c2208000,0x00000006ccb80000)
 Metaspace       used 16013K, capacity 16398K, committed 16640K, reserved 1064960K
  class space    used 1914K, capacity 2012K, committed 2048K, reserved 1048576K
GC Heap History (4 events):
Event: 4.340 GC heap before
{Heap before GC invocations=1 (full 0):
 PSYoungGen      total 75776K, used 65024K [0x000000076b600000, 0x0000000770a80000, 0x00000007c0000000)
  eden space 65024K, 100% used [0x000000076b600000,0x000000076f580000,0x000000076f580000)
  from space 10752K, 0% used [0x0000000770000000,0x0000000770000000,0x0000000770a80000)
  to   space 10752K, 0% used [0x000000076f580000,0x000000076f580000,0x0000000770000000)
 ParOldGen       total 173568K, used 0K [0x00000006c2200000, 0x00000006ccb80000, 0x000000076b600000)
  object space 173568K, 0% used [0x00000006c2200000,0x00000006c2200000,0x00000006ccb80000)
 Metaspace       used 11314K, capacity 11568K, committed 11776K, reserved 1058816K
  class space    used 1376K, capacity 1449K, committed 1536K, reserved 1048576K
Event: 4.352 GC heap after
Heap after GC invocations=1 (full 0):
 PSYoungGen      total 75776K, used 8958K [0x000000076b600000, 0x0000000770a80000, 0x00000007c0000000)
  eden space 65024K, 0% used [0x000000076b600000,0x000000076b600000,0x000000076f580000)
  from space 10752K, 83% used [0x000000076f580000,0x000000076fe3f830,0x0000000770000000)
  to   space 10752K, 0% used [0x0000000770000000,0x0000000770000000,0x0000000770a80000)
 ParOldGen       total 173568K, used 16K [0x00000006c2200000, 0x00000006ccb80000, 0x000000076b600000)
  object space 173568K, 0% used [0x00000006c2200000,0x00000006c2204000,0x00000006ccb80000)
 Metaspace       used 11314K, capacity 11568K, committed 11776K, reserved 1058816K
  class space    used 1376K, capacity 1449K, committed 1536K, reserved 1048576K
}
Event: 6.445 GC heap before
{Heap before GC invocations=2 (full 0):
 PSYoungGen      total 75776K, used 73982K [0x000000076b600000, 0x0000000770a80000, 0x00000007c0000000)
  eden space 65024K, 100% used [0x000000076b600000,0x000000076f580000,0x000000076f580000)
  from space 10752K, 83% used [0x000000076f580000,0x000000076fe3f830,0x0000000770000000)
  to   space 10752K, 0% used [0x0000000770000000,0x0000000770000000,0x0000000770a80000)
 ParOldGen       total 173568K, used 16K [0x00000006c2200000, 0x00000006ccb80000, 0x000000076b600000)
  object space 173568K, 0% used [0x00000006c2200000,0x00000006c2204000,0x00000006ccb80000)
 Metaspace       used 15927K, capacity 16270K, committed 16384K, reserved 1062912K
  class space    used 1914K, capacity 2012K, committed 2048K, reserved 1048576K
Event: 6.457 GC heap after
Heap after GC invocations=2 (full 0):
 PSYoungGen      total 75776K, used 9686K [0x000000076b600000, 0x0000000770a80000, 0x00000007c0000000)
  eden space 65024K, 0% used [0x000000076b600000,0x000000076b600000,0x000000076f580000)
  from space 10752K, 90% used [0x0000000770000000,0x0000000770975ad8,0x0000000770a80000)
  to   space 10752K, 0% used [0x000000076f580000,0x000000076f580000,0x0000000770000000)
 ParOldGen       total 173568K, used 32K [0x00000006c2200000, 0x00000006ccb80000, 0x000000076b600000)
  object space 173568K, 0% used [0x00000006c2200000,0x00000006c2208000,0x00000006ccb80000)
 Metaspace       used 15927K, capacity 16270K, committed 16384K, reserved 1062912K
  class space    used 1914K, capacity 2012K, committed 2048K, reserved 1048576K
}

